<?xml version="1.0" encoding="UTF-8"?>
<!-- Generated by org.testng.reporters.JUnitReportReporter -->
<testsuite hostname="LAPTOP-5KMFOFH9" failures="0" tests="3" name="com.SwagLabs.Test.LoginPageTest" time="0.491" errors="0" timestamp="2023-01-11T20:49:38 IST" skipped="0">
  <testcase classname="com.SwagLabs.Test.LoginPageTest" name="verifyCurrentUrl" time="0.018"/>
  <system-out/>
  <testcase classname="com.SwagLabs.Test.LoginPageTest" name="verifyLogin" time="0.452"/>
  <system-out/>
  <testcase classname="com.SwagLabs.Test.LoginPageTest" name="verifyPageTitle" time="0.021"/>
  <system-out/>
</testsuite> <!-- com.SwagLabs.Test.LoginPageTest -->
