<?xml version="1.0" encoding="UTF-8"?>
<!-- Generated by org.testng.reporters.JUnitReportReporter -->
<testsuite hostname="LAPTOP-5KMFOFH9" failures="0" tests="3" name="com.SwagLabs.Test.AddToCartPageTest" time="0.162" errors="0" timestamp="2023-01-12T20:40:39 IST" skipped="2">
  <testcase classname="com.SwagLabs.Test.AddToCartPageTest" name="verifyCheckout" time="0.162"/>
  <system-out/>
  <testcase classname="com.SwagLabs.Test.AddToCartPageTest" name="verifyContinueShopping">
    <skipped/>
  </testcase> <!-- verifyContinueShopping -->
  <system-out/>
  <testcase classname="com.SwagLabs.Test.AddToCartPageTest" name="verifyRemoveProduct">
    <skipped/>
  </testcase> <!-- verifyRemoveProduct -->
  <system-out/>
</testsuite> <!-- com.SwagLabs.Test.AddToCartPageTest -->
