<?xml version="1.0" encoding="UTF-8"?>
<!-- Generated by org.testng.reporters.JUnitReportReporter -->
<testsuite hostname="LAPTOP-5KMFOFH9" failures="0" tests="3" name="com.SwagLabs.Test.OrderDescriptionPageTest" time="0.118" errors="0" timestamp="2023-01-17T20:35:35 IST" skipped="0">
  <testcase classname="com.SwagLabs.Test.OrderDescriptionPageTest" name="verifyCurrentUrl" time="0.011"/>
  <system-out/>
  <testcase classname="com.SwagLabs.Test.OrderDescriptionPageTest" name="verifyTitle" time="0.008"/>
  <system-out/>
  <testcase classname="com.SwagLabs.Test.OrderDescriptionPageTest" name="verifyOrder" time="0.099"/>
  <system-out/>
</testsuite> <!-- com.SwagLabs.Test.OrderDescriptionPageTest -->
