<?xml version="1.0" encoding="UTF-8"?>
<!-- Generated by org.testng.reporters.JUnitReportReporter -->
<testsuite hostname="LAPTOP-5KMFOFH9" failures="0" tests="1" name="com.SwagLabs.Test.CheckOutPageTest" time="0.358" errors="0" timestamp="2023-01-13T20:21:50 IST" skipped="0">
  <testcase classname="com.SwagLabs.Test.CheckOutPageTest" name="verfiyCheckout" time="0.358"/>
  <system-out/>
</testsuite> <!-- com.SwagLabs.Test.CheckOutPageTest -->
