<?xml version="1.0" encoding="UTF-8"?>
<!-- Generated by org.testng.reporters.JUnitReportReporter -->
<testsuite hostname="LAPTOP-5KMFOFH9" failures="0" tests="3" name="com.SwagLabs.Test.ProductPageTest" time="0.383" errors="0" timestamp="2023-01-12T20:27:59 IST" skipped="0">
  <testcase classname="com.SwagLabs.Test.ProductPageTest" name="verfiyProductsCount" time="0.036"/>
  <system-out/>
  <testcase classname="com.SwagLabs.Test.ProductPageTest" name="verifyProductList" time="0.109"/>
  <system-out/>
  <testcase classname="com.SwagLabs.Test.ProductPageTest" name="verifyProductAddedToCart" time="0.238"/>
  <system-out/>
</testsuite> <!-- com.SwagLabs.Test.ProductPageTest -->
