<?xml version="1.0" encoding="UTF-8"?>
<!-- Generated by org.testng.reporters.JUnitReportReporter -->
<testsuite hostname="LAPTOP-5KMFOFH9" failures="0" tests="3" name="com.SwagLabs.Test.OrderDescriptionPageTest" time="0.199" errors="0" timestamp="2023-01-21T19:24:10 IST" skipped="0">
  <testcase classname="com.SwagLabs.Test.OrderDescriptionPageTest" name="verifyCurrentUrl" time="0.011"/>
  <system-out/>
  <testcase classname="com.SwagLabs.Test.OrderDescriptionPageTest" name="verifyTitle" time="0.014"/>
  <system-out/>
  <testcase classname="com.SwagLabs.Test.OrderDescriptionPageTest" name="verifyOrder" time="0.174"/>
  <system-out/>
</testsuite> <!-- com.SwagLabs.Test.OrderDescriptionPageTest -->
